05f61501-8707-4d7c-9b20-210acde773ac emmet@emmet-VirtualBox:~/conp-dataset/projects/BigBrain timestamp=1580137791.568572438s
093a9288-139c-4e06-adb5-475ac9de8596 eaobrien@datalad-dev.conp.ca:/data/temp-datasets/emmetaobrien/conp-dataset/projects/BigBrain timestamp=1714414812.269736s
2a18ccee-4402-4676-af92-f8068c42e0b7 eaobrien@datalad-dev.conp.ca:/data/temp-datasets/emmetaobrien/conp-dataset/projects/BigBrain timestamp=1611260614.503037s
37d113e0-6b40-40d5-ad64-cfd1181f0834 eaobrien@datalad-dev.conp.ca:/data/temp-datasets/emmetaobrien/conp-dataset/projects/BigBrain timestamp=1615219158.416731s
43084d8b-a72b-421f-b3d5-7e3898357348 eaobrien@datalad-dev.conp.ca:/data/temp-datasets/emmetaobrien/conp-dataset/projects/BigBrain timestamp=1614026328.923934s
4a49a08c-3d0d-4f1f-8c1c-9dde08e69432 eaobrien@datalad-dev.conp.ca:/data/temp-datasets/emmetaobrien/conp-dataset/projects/BigBrain timestamp=1611263242.846479s
5bdfe0a8-2980-4d99-a7be-2ab9d2706be0 cmadjar@Ceciles-Mac-mini.local:~/tmp_BigBrain/bigbrain-datalad timestamp=1613406060.038983s
63f86aa0-09f7-4fbe-b980-76c8cc2a570f eaobrien@datalad-dev.conp.ca:/data/temp-datasets/emmetaobrien/conp-dataset/projects/BigBrain timestamp=1595857306.020671s
75c7e3e5-abc7-4f13-84c2-628101c39350 cmadjar@Ceciles-Mac-mini.local:~/tmp_conp-dataset/conp-dataset/projects/BigBrain timestamp=1613409893.218949s
76904d66-bf67-4b46-9a0b-85f05b768dd4 emmet@emmet-VirtualBox:~/conp-dataset/projects/BigBrain timestamp=1581522351.491405819s
86634839-8b5a-409a-befb-d487e8cf72a3 math@arch:~/oss/conp-dataset/projects/BigBrain timestamp=1621566072.183619s
9a137376-4816-4301-afc5-63f5d0ecd36f eaobrien@datalad-dev.conp.ca:/data/temp-datasets/emmetaobrien/bigbrain-datalad timestamp=1611244547.896119s
a03a3707-ebee-4848-a08f-e3f40f719ddf eaobrien@datalad-dev.conp.ca:/data/temp-datasets/emmetaobrien/conp-dataset/projects/BigBrain timestamp=1636119573.948479s
b4a403cb-23b7-4922-8ae8-04e0fb3b955e eaobrien@datalad0-12test-dev:~/conp-dataset/projects/BigBrain timestamp=1581526532.205520934s
bb2b1db4-f118-4f41-8481-6001c47ee08e emmet@emmet-VirtualBox:~/conp-dataset/projects/BigBrain timestamp=1582044633.335171637s
bb3fcdf9-b391-4590-b037-bf14353519bd eaobrien@datalad0-12test-dev:~/conp-dataset/projects/BigBrain timestamp=1581434049.929806154s
cbfcd982-908b-4d0c-b57f-56b0a6f3bc45 emmet@emmet-VirtualBox:~/bigbrain-datalad timestamp=1581521786.297363269s
d59efdcf-43da-4722-baef-9ee4423c09dd glatard@sapajou:~/data/conp-dataset/projects/BigBrain timestamp=1578812453.969050587s
df4f69b6-5f50-4558-a466-4c0b8419de52 emmet@emmet-VirtualBox:~/conp-dataset/projects/BigBrain timestamp=1583957741.982356639s
ee187a65-45f2-440c-8508-e035dacb68a4 eaobrien@datalad-dev.conp.ca:/data/temp-datasets/emmetaobrien/conp-dataset/projects/BigBrain timestamp=1649879919.853646854s
f9d3b64a-a2cd-48bc-9601-772f9f333188 emmet@emmet-VirtualBox:~/conp-dataset/projects/BigBrain timestamp=1581343454.627268776s
